This is pdfTeX, Version 3.141592653-2.6-1.40.25 (TeX Live 2023) (preloaded format=pdflatex 2023.11.22)  7 DEC 2023 15:02
entering extended mode
 restricted \write18 enabled.
 file:line:error style messages enabled.
 %&-line parsing enabled.
**/Users/williamdevos/Documents/Maitrise/Data.Git/ulthese/gabarit-maitrise-articles.tex
(/Users/williamdevos/Documents/Maitrise/Data.Git/ulthese/gabarit-maitrise-articles.tex
LaTeX2e <2023-11-01>
L3 programming layer <2023-11-09>
(./ulthese.cls
Document Class: ulthese 2021/08/09 v5.3a Universite Laval thesis and memoir class
(/Users/williamdevos/Library/TinyTeX/texmf-dist/tex/generic/iftex/ifxetex.sty
Package: ifxetex 2019/10/25 v0.7 ifxetex legacy package. Use iftex instead.
 (/Users/williamdevos/Library/TinyTeX/texmf-dist/tex/generic/iftex/iftex.sty
Package: iftex 2022/02/03 v1.0f TeX engine tests
))

! LaTeX Error: File `memoir.cls' not found.

Type X to quit or <RETURN> to proceed,
or enter new name. (Default extension: cls)

Enter file name: 
./ulthese.cls:224: Emergency stop.
<read *> 
         
l.224 \ifxetex
              ^^M
*** (cannot \read from terminal in nonstop modes)

 
Here is how much of TeX's memory you used:
 209 strings out of 476233
 3612 string characters out of 5795682
 1923555 words of memory out of 5000000
 22251 multiletter control sequences out of 15000+600000
 558069 words of font info for 36 fonts, out of 8000000 for 9000
 14 hyphenation exceptions out of 8191
 57i,0n,65p,303b,17s stack positions out of 10000i,1000n,20000p,200000b,200000s
./ulthese.cls:224:  ==> Fatal error occurred, no output PDF file produced!
