This is pdfTeX, Version 3.141592653-2.6-1.40.25 (TeX Live 2023) (preloaded format=pdflatex 2023.11.22)  7 DEC 2023 14:36
entering extended mode
 restricted \write18 enabled.
 %&-line parsing enabled.
**ulthese.ins
(./ulthese.ins
LaTeX2e <2023-11-01>
L3 programming layer <2023-11-09>
(/Users/williamdevos/Library/TinyTeX/texmf-dist/tex/latex/base/docstrip.tex
\blockLevel=\count186
\emptyLines=\count187
\processedLines=\count188
\commentsRemoved=\count189
\commentsPassed=\count190
\codeLinesPassed=\count191
\TotalprocessedLines=\count192
\TotalcommentsRemoved=\count193
\TotalcommentsPassed=\count194
\TotalcodeLinesPassed=\count195
\NumberOfFiles=\count196
\inFile=\read2
\inputcheck=\read3
\off@0=\count197
\off@1=\count198
\off@2=\count199
\off@3=\count266
\off@4=\count267
\off@5=\count268
\off@6=\count269
\off@7=\count270
\off@8=\count271
\off@9=\count272
\off@10=\count273
\off@11=\count274
\off@12=\count275
\off@13=\count276
\off@14=\count277
\off@15=\count278
\@maxfiles=\count279
\@maxoutfiles=\count280

Utility: `docstrip' v2.6b <2022-09-03>
English documentation    <2023-10-10>

**********************************************************
* This program converts documented macro-files into fast *
* loadable files by stripping off (nearly) all comments! *
**********************************************************

********************************************************
* No Configuration file found, using default settings. *
********************************************************

)

Generating file(s) ./ulthese.cls ./gabarit-doctorat.tex ./gabarit-doctorat-articles.tex ./gabarit-doctorat-cotutelle.tex ./gabarit-maitrise.tex ./gabarit-maitrise-articles.tex ./gabarit-maitrise-bidiplomation.tex ./resume.tex ./abstract.tex ./remerciements.tex ./avantpropos.tex ./introduction.tex ./chapitre1.tex ./chapitre1-articles.tex ./chapitre2.tex ./chapitre2-articles.tex ./conclusion.tex ./annexe.tex 
\openout0 = `./ulthese.cls'.

\openout1 = `./gabarit-doctorat.tex'.

\openout2 = `./gabarit-doctorat-articles.tex'.

\openout3 = `./gabarit-doctorat-cotutelle.tex'.

\openout4 = `./gabarit-maitrise.tex'.

\openout5 = `./gabarit-maitrise-articles.tex'.

\openout6 = `./gabarit-maitrise-bidiplomation.tex'.

\openout7 = `./resume.tex'.

\openout8 = `./abstract.tex'.

\openout9 = `./remerciements.tex'.

\openout10 = `./avantpropos.tex'.

\openout11 = `./introduction.tex'.

\openout12 = `./chapitre1.tex'.

\openout13 = `./chapitre1-articles.tex'.

\openout14 = `./chapitre2.tex'.

\openout15 = `./chapitre2-articles.tex'.


Processing file ulthese.dtx (class) -> ulthese.cls
                            (gabarit,phd,standard) -> gabarit-doctorat.tex
                            (gabarit,phd,articles) -> gabarit-doctorat-articles.tex
                            (gabarit,phd,cotutelle) -> gabarit-doctorat-cotutelle.tex
                            (gabarit,m,standard) -> gabarit-maitrise.tex
                            (gabarit,m,articles) -> gabarit-maitrise-articles.tex
                            (gabarit,m,bidiplomation) -> gabarit-maitrise-bidiplomation.tex
                            (resume) -> resume.tex
                            (abstract) -> abstract.tex
                            (remerciements) -> remerciements.tex
                            (avantpropos) -> avantpropos.tex
                            (introduction) -> introduction.tex
                            (chapitre) -> chapitre1.tex
                            (chapitre,articles) -> chapitre1-articles.tex
                            (chapitre) -> chapitre2.tex
                            (chapitre,articles) -> chapitre2-articles.tex
Lines  processed: 2693
Comments removed: 1888
Comments  passed: 9
Codelines passed: 705

\openout0 = `./conclusion.tex'.

\openout1 = `./annexe.tex'.


Processing file ulthese.dtx (conclusion) -> conclusion.tex
                            (annexe) -> annexe.tex
Lines  processed: 2693
Comments removed: 1888
Comments  passed: 9
Codelines passed: 705

*************************************************************
*                                                           *
* La classe ulthese est maintenant prete a l'emploi.        *
*                                                           *
* Utiliser un gabarit comme base pour votre fichier maitre. *
* Vous pouvez effacer les gabarits inutiles. Composer le    *
* document dans des fichiers .tex distincts; quelques       *
* gabarits sont fournis avec la classe.                     *
*                                                           *
* Pour produire la documentation de la classe, compiler le  *
* fichier ulthese.dtx avec LaTeX.                           *
*                                                           *
* Bonne redaction!                                          *
*                                                           *
*************************************************************
Overall statistics:
Files  processed: 2
Lines  processed: 5386
Comments removed: 3776
Comments  passed: 18
Codelines passed: 1410
 ) 
Here is how much of TeX's memory you used:
 487 strings out of 476233
 6361 string characters out of 5795682
 1923555 words of memory out of 5000000
 22518 multiletter control sequences out of 15000+600000
 558069 words of font info for 36 fonts, out of 8000000 for 9000
 14 hyphenation exceptions out of 8191
 13i,0n,15p,116b,269s stack positions out of 10000i,1000n,20000p,200000b,200000s

No pages of output.
PDF statistics:
 0 PDF objects out of 1000 (max. 8388607)
 0 named destinations out of 1000 (max. 500000)
 1 words of extra memory for PDF output out of 10000 (max. 10000000)

